<?xml version="1.0" encoding="UTF-8"?>
<testsuite name="TestHasOne" tests="1" skipped="0" failures="0" errors="0" timestamp="2023-03-21T18:34:53" hostname="DESKTOP-D5Q0BC8" time="0.05">
  <properties/>
  <testcase name="testValidarNumero()" classname="TestHasOne" time="0.05"/>
  <system-out><![CDATA[es un numerotrue
is true
is true
is false
no es un numerofalse
es un numerotrue
is true
]]></system-out>
  <system-err><![CDATA[]]></system-err>
</testsuite>
